
> docker@0.0.1 build
> vite build

vite v8.0.11 building ssr environment for production...
[2Ktransforming...11:54:24 AM [vite-plugin-svelte] src/routes/compose/+page.svelte:32:6 `consoleElement` is updated, but is not declared with `$state(...)`. Changing its value will not correctly trigger updates
https://svelte.dev/e/non_reactive_update
30:   }
31: 
32:   let consoleElement: HTMLDivElement;
                                        ^
33:   $effect(() => {
34:     if (executionOutput.length > 0 && consoleElement) {
✓ 3212 modules transformed.
rendering chunks...
vite v8.0.11 building client environment for production...
[2Ktransforming...11:54:41 AM [vite-plugin-svelte] src/routes/compose/+page.svelte:32:6 `consoleElement` is updated, but is not declared with `$state(...)`. Changing its value will not correctly trigger updates
https://svelte.dev/e/non_reactive_update
30:   }
31: 
32:   let consoleElement: HTMLDivElement;
                                        ^
33:   $effect(() => {
34:     if (executionOutput.length > 0 && consoleElement) {
✓ 3229 modules transformed.
rendering chunks...
computing gzip size...
.svelte-kit/output/client/_app/version.json                             0.02 kB │ gzip:     0.04 kB
.svelte-kit/output/client/.vite/manifest.json                           5.78 kB │ gzip:     0.87 kB
.svelte-kit/output/client/_app/immutable/assets/3.D6j2eVg9.css          0.03 kB │ gzip:     0.05 kB
.svelte-kit/output/client/_app/immutable/assets/4.CD-V3Wuq.css          0.09 kB │ gzip:     0.10 kB
.svelte-kit/output/client/_app/immutable/assets/6.1yPEXFx6.css          0.23 kB │ gzip:     0.13 kB
.svelte-kit/output/client/_app/immutable/assets/uPlot.CnsZ1jie.css      1.64 kB │ gzip:     0.69 kB
.svelte-kit/output/client/_app/immutable/assets/8.C8UFwg4_.css          3.99 kB │ gzip:     1.02 kB
.svelte-kit/output/client/_app/immutable/assets/0.C4kMkKrG.css         38.05 kB │ gzip:     7.12 kB
.svelte-kit/output/client/_app/immutable/chunks/DUEfwtAe.js             0.02 kB │ gzip:     0.04 kB
.svelte-kit/output/client/_app/immutable/chunks/CT0T0Gak.js             0.06 kB │ gzip:     0.08 kB
.svelte-kit/output/client/_app/immutable/entry/start.DukNitpr.js        0.08 kB │ gzip:     0.09 kB
.svelte-kit/output/client/_app/immutable/nodes/1.G2A2uwf8.js            0.37 kB │ gzip:     0.26 kB
.svelte-kit/output/client/_app/immutable/chunks/CAxJU3uq.js             0.76 kB │ gzip:     0.33 kB
.svelte-kit/output/client/_app/immutable/chunks/DXb0ZbaM.js             1.20 kB │ gzip:     0.68 kB
.svelte-kit/output/client/_app/immutable/chunks/DWf7qw2s.js             1.26 kB │ gzip:     0.57 kB
.svelte-kit/output/client/_app/immutable/nodes/0.DVbVpqTN.js            2.88 kB │ gzip:     1.21 kB
.svelte-kit/output/client/_app/immutable/nodes/7.rBQ_6Oan.js            3.33 kB │ gzip:     1.63 kB
.svelte-kit/output/client/_app/immutable/nodes/3.gmh7WaTR.js            3.38 kB │ gzip:     1.43 kB
.svelte-kit/output/client/_app/immutable/entry/app.FCD0-F9m.js          3.79 kB │ gzip:     1.56 kB
.svelte-kit/output/client/_app/immutable/nodes/2.CJQz_z0U.js            4.15 kB │ gzip:     1.36 kB
.svelte-kit/output/client/_app/immutable/nodes/6.Df500fes.js            6.21 kB │ gzip:     2.53 kB
.svelte-kit/output/client/_app/immutable/chunks/CipjSncl.js            31.89 kB │ gzip:    12.11 kB
.svelte-kit/output/client/_app/immutable/nodes/5.C8Qup-zs.js           36.31 kB │ gzip:    12.30 kB
.svelte-kit/output/client/_app/immutable/chunks/vjWrISGH.js            51.04 kB │ gzip:    22.23 kB
.svelte-kit/output/client/_app/immutable/chunks/BBEmDHX-.js            55.66 kB │ gzip:    21.39 kB
.svelte-kit/output/client/_app/immutable/nodes/8.CQrHAIQh.js          343.61 kB │ gzip:    87.71 kB
.svelte-kit/output/client/_app/immutable/nodes/4.dEI_nA0I.js          428.01 kB │ gzip:   139.68 kB
.svelte-kit/output/client/_app/immutable/chunks/CyLGRmT7.js         8,426.84 kB │ gzip: 1,058.94 kB

[plugin builtin:vite-reporter] 
(!) Some chunks are larger than 500 kB after minification. Consider:
- Using dynamic import() to code-split the application
- Use build.rolldownOptions.output.codeSplitting to improve chunking: https://rolldown.rs/reference/OutputOptions.codeSplitting
- Adjust chunk size limit for this warning via build.chunkSizeWarningLimit.
[33m[PLUGIN_TIMINGS] Warning:[0m Your build spent significant time in plugins. Here is a breakdown:
  - vite-plugin-sveltekit-guard (73%)
  - vite-plugin-sveltekit-virtual-modules (10%)
  - vite-plugin-svelte:compile (9%)
  - vite-plugin-svelte:load-custom (7%)
See https://rolldown.rs/options/checks#plugintimings for more details.

✓ built in 17.44s
computing gzip size...
.svelte-kit/output/server/.vite/manifest.json                                            10.42 kB │ gzip:  1.17 kB
.svelte-kit/output/server/_app/immutable/assets/_page.D6j2eVg9.css                        0.03 kB │ gzip:  0.05 kB
.svelte-kit/output/server/_app/immutable/assets/_page.CD-V3Wuq.css                        0.09 kB │ gzip:  0.10 kB
.svelte-kit/output/server/_app/immutable/assets/_page.1yPEXFx6.css                        0.23 kB │ gzip:  0.13 kB
.svelte-kit/output/server/_app/immutable/assets/uPlot.BT_P-5Rq.css                        1.61 kB │ gzip:  0.68 kB
.svelte-kit/output/server/_app/immutable/assets/_page.CbxVeJxz.css                        3.58 kB │ gzip:  0.97 kB
.svelte-kit/output/server/_app/immutable/assets/_layout.V3suTi2T.css                     36.97 kB │ gzip:  7.09 kB
.svelte-kit/output/server/chunks/navigation.js                                            0.03 kB │ gzip:  0.05 kB
.svelte-kit/output/server/entries/pages/compose/_page.server.ts.js                        0.21 kB │ gzip:  0.16 kB
.svelte-kit/output/server/entries/pages/terminal/_page.server.ts.js                       0.28 kB │ gzip:  0.22 kB
.svelte-kit/output/server/entries/pages/images/_page.server.ts.js                         0.31 kB │ gzip:  0.23 kB
.svelte-kit/output/server/entries/endpoints/api/compose/save/_server.ts.js                0.36 kB │ gzip:  0.26 kB
.svelte-kit/output/server/entries/pages/containers/_page.server.ts.js                     0.38 kB │ gzip:  0.26 kB
.svelte-kit/output/server/entries/endpoints/api/compose/run/_server.ts.js                 0.39 kB │ gzip:  0.26 kB
.svelte-kit/output/server/entries/endpoints/api/compose/content/_server.ts.js             0.39 kB │ gzip:  0.28 kB
.svelte-kit/output/server/entries/fallbacks/error.svelte.js                               0.42 kB │ gzip:  0.27 kB
.svelte-kit/output/server/internal.js                                                     0.45 kB │ gzip:  0.21 kB
.svelte-kit/output/server/chunks/docker.js                                                0.59 kB │ gzip:  0.30 kB
.svelte-kit/output/server/entries/pages/containers/_id_/_page.server.ts.js                0.60 kB │ gzip:  0.37 kB
.svelte-kit/output/server/entries/pages/_page.server.ts.js                                0.64 kB │ gzip:  0.34 kB
.svelte-kit/output/server/chunks/shared-server.js                                         0.69 kB │ gzip:  0.30 kB
.svelte-kit/output/server/chunks/environment.js                                           0.84 kB │ gzip:  0.40 kB
.svelte-kit/output/server/entries/endpoints/api/containers/_id_/_action_/_server.ts.js    0.93 kB │ gzip:  0.42 kB
.svelte-kit/output/server/entries/endpoints/api/compose/handler/_server.ts.js             0.94 kB │ gzip:  0.46 kB
.svelte-kit/output/server/entries/endpoints/api/containers/_id_/logs/_server.ts.js        0.95 kB │ gzip:  0.52 kB
.svelte-kit/output/server/entries/endpoints/api/compose/stream/_server.ts.js              1.30 kB │ gzip:  0.53 kB
.svelte-kit/output/server/entries/endpoints/api/containers/_id_/stats/_server.ts.js       1.37 kB │ gzip:  0.66 kB
.svelte-kit/output/server/entries/pages/analytics/_page.server.ts.js                      1.42 kB │ gzip:  0.71 kB
.svelte-kit/output/server/entries/endpoints/api/compose/fix/_server.ts.js                 1.51 kB │ gzip:  0.87 kB
.svelte-kit/output/server/entries/pages/terminal/_page.svelte.js                          1.64 kB │ gzip:  0.75 kB
.svelte-kit/output/server/chunks/compose.js                                               1.64 kB │ gzip:  0.71 kB
.svelte-kit/output/server/chunks/client.js                                                2.60 kB │ gzip:  1.04 kB
.svelte-kit/output/server/entries/pages/analytics/_page.svelte.js                         2.96 kB │ gzip:  1.09 kB
.svelte-kit/output/server/chunks/state.js                                                 3.12 kB │ gzip:  1.19 kB
.svelte-kit/output/server/entries/pages/images/_page.svelte.js                            3.40 kB │ gzip:  1.36 kB
.svelte-kit/output/server/entries/pages/_page.svelte.js                                   4.11 kB │ gzip:  1.13 kB
.svelte-kit/output/server/entries/pages/_layout.svelte.js                                 4.49 kB │ gzip:  1.32 kB
.svelte-kit/output/server/entries/pages/containers/_page.svelte.js                        5.40 kB │ gzip:  1.94 kB
.svelte-kit/output/server/entries/pages/containers/_id_/_page.svelte.js                   5.58 kB │ gzip:  1.60 kB
.svelte-kit/output/server/entries/pages/compose/_page.svelte.js                           5.96 kB │ gzip:  1.84 kB
.svelte-kit/output/server/chunks/shared.js                                               10.28 kB │ gzip:  3.33 kB
.svelte-kit/output/server/chunks/exports.js                                              11.23 kB │ gzip:  3.51 kB
.svelte-kit/output/server/chunks/internal.js                                             20.89 kB │ gzip:  6.51 kB
.svelte-kit/output/server/chunks/utils.js                                                29.56 kB │ gzip:  8.56 kB
.svelte-kit/output/server/remote-entry.js                                                46.01 kB │ gzip:  9.45 kB
.svelte-kit/output/server/chunks/lib.js                                                  90.88 kB │ gzip: 13.56 kB
.svelte-kit/output/server/index.js                                                      122.98 kB │ gzip: 31.14 kB
.svelte-kit/output/server/chunks/index-server.js                                        126.22 kB │ gzip: 32.79 kB

[33m[PLUGIN_TIMINGS] Warning:[0m Your build spent significant time in plugins. Here is a breakdown:
  - vite-plugin-sveltekit-guard (65%)
  - vite-plugin-sveltekit-virtual-modules (13%)
  - vite-plugin-svelte:compile (11%)
  - vite-plugin-svelte:load-custom (9%)
See https://rolldown.rs/options/checks#plugintimings for more details.

✓ built in 34.26s

Run npm run preview to preview your production build locally.

> Using @sveltejs/adapter-node
  ✔ done
