
> docker@0.0.1 build
> vite build

failed to load config from /home/house/docker/vite.config.ts
error during build:
Error: Build failed with 1 error:

[31m[MISSING_EXPORT] Error:[0m "default" is not exported by "src/lib/server/docker.ts".
   [38;5;246m╭[0m[38;5;246m─[0m[38;5;246m[[0m src/lib/server/websocket.ts:3:8 [38;5;246m][0m
   [38;5;246m│[0m
 [38;5;246m3 │[0m [38;5;249mi[0m[38;5;249mm[0m[38;5;249mp[0m[38;5;249mo[0m[38;5;249mr[0m[38;5;249mt[0m[38;5;249m [0mdocker[38;5;249m [0m[38;5;249mf[0m[38;5;249mr[0m[38;5;249mo[0m[38;5;249mm[0m[38;5;249m [0m[38;5;249m'[0m[38;5;249m.[0m[38;5;249m/[0m[38;5;249md[0m[38;5;249mo[0m[38;5;249mc[0m[38;5;249mk[0m[38;5;249me[0m[38;5;249mr[0m[38;5;249m'[0m[38;5;249m;[0m
 [38;5;240m  │[0m        ───┬──  
 [38;5;240m  │[0m           ╰──── Missing export
 [38;5;240m  │[0m 
 [38;5;240m  │[0m [38;5;115mNote[0m: If you meant to import a type rather than a value, make sure to add the `type` modifier (e.g. `import { type Foo } from './docker'`).
[38;5;246m───╯[0m

    at aggregateBindingErrorsIntoJsError (file:///home/house/docker/node_modules/rolldown/dist/shared/error-D4ASW9r2.mjs:48:18)
    at unwrapBindingResult (file:///home/house/docker/node_modules/rolldown/dist/shared/error-D4ASW9r2.mjs:18:128)
    at #build (file:///home/house/docker/node_modules/rolldown/dist/shared/rolldown-build-CorVA9v1.mjs:3255:34)
    at async bundleConfigFile (file:///home/house/docker/node_modules/vite/dist/node/chunks/node.js:34735:17)
    at async bundleAndLoadConfigFile (file:///home/house/docker/node_modules/vite/dist/node/chunks/node.js:34643:18)
    at async loadConfigFromFile (file:///home/house/docker/node_modules/vite/dist/node/chunks/node.js:34612:42)
    at async resolveConfig (file:///home/house/docker/node_modules/vite/dist/node/chunks/node.js:34237:22)
    at async createBuilder (file:///home/house/docker/node_modules/vite/dist/node/chunks/node.js:33430:17)
    at async CAC.<anonymous> (file:///home/house/docker/node_modules/vite/dist/node/cli.js:767:19) {
  errors: [Getter/Setter]
}
