
> docker@0.0.1 build
> vite build

src/lib/server/docker.ts (3:20) [33m[UNRESOLVED_IMPORT] Warning:[0m Could not resolve '$env/dynamic/private' in src/lib/server/docker.ts
   [38;5;246m╭[0m[38;5;246m─[0m[38;5;246m[[0m src/lib/server/docker.ts:3:21 [38;5;246m][0m
   [38;5;246m│[0m
 [38;5;246m3 │[0m [38;5;249mi[0m[38;5;249mm[0m[38;5;249mp[0m[38;5;249mo[0m[38;5;249mr[0m[38;5;249mt[0m[38;5;249m [0m[38;5;249m{[0m[38;5;249m [0m[38;5;249me[0m[38;5;249mn[0m[38;5;249mv[0m[38;5;249m [0m[38;5;249m}[0m[38;5;249m [0m[38;5;249mf[0m[38;5;249mr[0m[38;5;249mo[0m[38;5;249mm[0m[38;5;249m [0m'$env/dynamic/private'[38;5;249m;[0m
 [38;5;240m  │[0m                     ───────────┬──────────  
 [38;5;240m  │[0m                                ╰──────────── Module not found, treating it as an external dependency
[38;5;246m───╯[0m

failed to load config from /home/house/docker/vite.config.ts
error during build:
Error [ERR_MODULE_NOT_FOUND]: Cannot find package '$env' imported from /home/house/docker/node_modules/.vite-temp/vite.config.ts.timestamp-1778356298909-634bc834a77a4.mjs
    at Object.getPackageJSONURL (node:internal/modules/package_json_reader:314:9)
    at packageResolve (node:internal/modules/esm/resolve:768:81)
    at moduleResolve (node:internal/modules/esm/resolve:855:18)
    at defaultResolve (node:internal/modules/esm/resolve:985:11)
    at #cachedDefaultResolve (node:internal/modules/esm/loader:731:20)
    at ModuleLoader.resolve (node:internal/modules/esm/loader:708:38)
    at ModuleLoader.getModuleJobForImport (node:internal/modules/esm/loader:310:38)
    at ModuleJob._link (node:internal/modules/esm/module_job:182:49) {
  code: 'ERR_MODULE_NOT_FOUND'
}
