
> docker@0.0.1 build
> vite build

vite v8.0.11 building ssr environment for production...
[2Ktransforming...12:52:08 PM [vite-plugin-svelte] src/routes/compose/+page.svelte:63:6 `consoleElement` is updated, but is not declared with `$state(...)`. Changing its value will not correctly trigger updates
https://svelte.dev/e/non_reactive_update
61:   }
62: 
63:   let consoleElement: HTMLDivElement;
                                        ^
64:   $effect(() => {
65:     if (executionOutput.length > 0 && consoleElement) {
12:52:08 PM [vite-plugin-svelte] src/routes/containers/+page.svelte:173:6 `<div>` with a contextmenu handler must have an ARIA role
https://svelte.dev/e/a11y_no_static_element_interactions
171:   >
172:     {#each filteredContainers as container (container.id)}
173:       <div 
                ^
174:         class="card group relative flex flex-col justify-between h-48 border border-white/5 hover:border-white/10 transition-all overflow-hidden"
175:         animate:slide={{ duration: 200 }}
12:52:08 PM [vite-plugin-svelte] src/routes/images/+page.svelte:212:6 `<div>` with a contextmenu handler must have an ARIA role
https://svelte.dev/e/a11y_no_static_element_interactions
210:   <div class="bento-grid">
211:     {#each filteredImages as img (img.id)}
212:       <div 
                ^
213:         class="card group relative flex flex-col justify-between hover:border-white/20 transition-all cursor-pointer"
214:         in:scale={{ duration: 200, start: 0.95 }}
12:52:08 PM [vite-plugin-svelte] src/routes/images/+page.svelte:218:8 Buttons and links should either contain text or have an `aria-label`, `aria-labelledby` or `title` attribute
https://svelte.dev/e/a11y_consider_explicit_label
216:         oncontextmenu={(e) => handleContextMenu(e, img)}
217:       >
218:         <a href="/images/{img.id}" class="absolute inset-0 z-0"></a>
                                                                         ^
219:         
220:         <div class="relative z-10 space-y-4 pointer-events-none">
12:52:08 PM [vite-plugin-svelte] src/lib/components/ContextMenu.svelte:14:6 `menuElement` is updated, but is not declared with `$state(...)`. Changing its value will not correctly trigger updates
https://svelte.dev/e/non_reactive_update
12: 
13:   let { x, y, show, onClose, children }: Props = $props();
14:   let menuElement: HTMLDivElement;
                                     ^
15: 
16:   $effect(() => {
12:52:08 PM [vite-plugin-svelte] src/lib/components/Toaster.svelte:37:8 `<svelte:component>` is deprecated in runes mode — components are dynamic by default
https://svelte.dev/e/svelte_component_deprecated
35:     >
36:       <div class="mt-0.5">
37:         <svelte:component this={icons[toast.type]} size={20} weight="fill" />
                                                                                 ^
38:       </div>
39:       
✓ 3235 modules transformed.
rendering chunks...
vite v8.0.11 building client environment for production...
[2Ktransforming...12:52:25 PM [vite-plugin-svelte] src/routes/compose/+page.svelte:63:6 `consoleElement` is updated, but is not declared with `$state(...)`. Changing its value will not correctly trigger updates
https://svelte.dev/e/non_reactive_update
61:   }
62: 
63:   let consoleElement: HTMLDivElement;
                                        ^
64:   $effect(() => {
65:     if (executionOutput.length > 0 && consoleElement) {
12:52:25 PM [vite-plugin-svelte] src/routes/images/+page.svelte:212:6 `<div>` with a contextmenu handler must have an ARIA role
https://svelte.dev/e/a11y_no_static_element_interactions
210:   <div class="bento-grid">
211:     {#each filteredImages as img (img.id)}
212:       <div 
                ^
213:         class="card group relative flex flex-col justify-between hover:border-white/20 transition-all cursor-pointer"
214:         in:scale={{ duration: 200, start: 0.95 }}
12:52:25 PM [vite-plugin-svelte] src/routes/images/+page.svelte:218:8 Buttons and links should either contain text or have an `aria-label`, `aria-labelledby` or `title` attribute
https://svelte.dev/e/a11y_consider_explicit_label
216:         oncontextmenu={(e) => handleContextMenu(e, img)}
217:       >
218:         <a href="/images/{img.id}" class="absolute inset-0 z-0"></a>
                                                                         ^
219:         
220:         <div class="relative z-10 space-y-4 pointer-events-none">
12:52:25 PM [vite-plugin-svelte] src/routes/containers/+page.svelte:173:6 `<div>` with a contextmenu handler must have an ARIA role
https://svelte.dev/e/a11y_no_static_element_interactions
171:   >
172:     {#each filteredContainers as container (container.id)}
173:       <div 
                ^
174:         class="card group relative flex flex-col justify-between h-48 border border-white/5 hover:border-white/10 transition-all overflow-hidden"
175:         animate:slide={{ duration: 200 }}
12:52:25 PM [vite-plugin-svelte] src/lib/components/Toaster.svelte:37:8 `<svelte:component>` is deprecated in runes mode — components are dynamic by default
https://svelte.dev/e/svelte_component_deprecated
35:     >
36:       <div class="mt-0.5">
37:         <svelte:component this={icons[toast.type]} size={20} weight="fill" />
                                                                                 ^
38:       </div>
39:       
12:52:25 PM [vite-plugin-svelte] src/lib/components/ContextMenu.svelte:14:6 `menuElement` is updated, but is not declared with `$state(...)`. Changing its value will not correctly trigger updates
https://svelte.dev/e/non_reactive_update
12: 
13:   let { x, y, show, onClose, children }: Props = $props();
14:   let menuElement: HTMLDivElement;
                                     ^
15: 
16:   $effect(() => {
✓ 3247 modules transformed.
rendering chunks...
computing gzip size...
.svelte-kit/output/client/_app/version.json                             0.02 kB │ gzip:     0.04 kB
.svelte-kit/output/client/.vite/manifest.json                           8.80 kB │ gzip:     1.08 kB
.svelte-kit/output/client/_app/immutable/assets/3.D6j2eVg9.css          0.03 kB │ gzip:     0.05 kB
.svelte-kit/output/client/_app/immutable/assets/6.1yPEXFx6.css          0.23 kB │ gzip:     0.13 kB
.svelte-kit/output/client/_app/immutable/assets/4.C0sN08Yp.css          0.41 kB │ gzip:     0.18 kB
.svelte-kit/output/client/_app/immutable/assets/uPlot.CnsZ1jie.css      1.64 kB │ gzip:     0.69 kB
.svelte-kit/output/client/_app/immutable/assets/11.DuxNnNRx.css         4.01 kB │ gzip:     1.03 kB
.svelte-kit/output/client/_app/immutable/assets/0.B8LGc235.css         50.60 kB │ gzip:     8.61 kB
.svelte-kit/output/client/_app/immutable/chunks/BSTYxbxq.js             0.02 kB │ gzip:     0.04 kB
.svelte-kit/output/client/_app/immutable/chunks/DX3CpKbG.js             0.02 kB │ gzip:     0.04 kB
.svelte-kit/output/client/_app/immutable/chunks/t62M88qj.js             0.06 kB │ gzip:     0.08 kB
.svelte-kit/output/client/_app/immutable/entry/start.BDl11IIL.js        0.08 kB │ gzip:     0.09 kB
.svelte-kit/output/client/_app/immutable/nodes/1.BweanNPt.js            0.37 kB │ gzip:     0.26 kB
.svelte-kit/output/client/_app/immutable/chunks/BfUE_EQF.js             0.43 kB │ gzip:     0.30 kB
.svelte-kit/output/client/_app/immutable/chunks/D8-qBspB.js             0.76 kB │ gzip:     0.33 kB
.svelte-kit/output/client/_app/immutable/chunks/C-OaypFN.js             1.20 kB │ gzip:     0.68 kB
.svelte-kit/output/client/_app/immutable/chunks/W1x2HKPV.js             1.26 kB │ gzip:     0.57 kB
.svelte-kit/output/client/_app/immutable/nodes/9.BNKHX1Uk.js            1.59 kB │ gzip:     0.87 kB
.svelte-kit/output/client/_app/immutable/nodes/12.BYU7h13X.js           1.64 kB │ gzip:     0.89 kB
.svelte-kit/output/client/_app/immutable/chunks/B9yYjkrs.js             1.85 kB │ gzip:     1.06 kB
.svelte-kit/output/client/_app/immutable/nodes/2.BL-yLO0X.js            4.15 kB │ gzip:     1.37 kB
.svelte-kit/output/client/_app/immutable/entry/app.Dvhgr-tj.js          4.64 kB │ gzip:     1.73 kB
.svelte-kit/output/client/_app/immutable/nodes/13.D5_Dz4cX.js           4.74 kB │ gzip:     1.91 kB
.svelte-kit/output/client/_app/immutable/nodes/8.BLaVzquN.js            5.00 kB │ gzip:     1.86 kB
.svelte-kit/output/client/_app/immutable/nodes/0.Bb_8Ct2u.js            5.21 kB │ gzip:     2.24 kB
.svelte-kit/output/client/_app/immutable/nodes/3.DQVAe4U0.js            5.66 kB │ gzip:     2.07 kB
.svelte-kit/output/client/_app/immutable/nodes/10.wvs0CyMc.js           5.98 kB │ gzip:     2.11 kB
.svelte-kit/output/client/_app/immutable/nodes/7.DEw5B6M_.js            7.48 kB │ gzip:     3.14 kB
.svelte-kit/output/client/_app/immutable/nodes/6.BMAxuM7N.js            7.64 kB │ gzip:     2.99 kB
.svelte-kit/output/client/_app/immutable/chunks/CibvbucH.js            32.03 kB │ gzip:    12.17 kB
.svelte-kit/output/client/_app/immutable/nodes/5.BUmV-RS1.js           39.81 kB │ gzip:    13.41 kB
.svelte-kit/output/client/_app/immutable/chunks/CrVEESoO.js            51.04 kB │ gzip:    22.23 kB
.svelte-kit/output/client/_app/immutable/chunks/C8Da_q7u.js            56.30 kB │ gzip:    21.63 kB
.svelte-kit/output/client/_app/immutable/nodes/11.CfZF3B-T.js         346.17 kB │ gzip:    88.74 kB
.svelte-kit/output/client/_app/immutable/nodes/4.BvmyBM3B.js          433.58 kB │ gzip:   141.52 kB
.svelte-kit/output/client/_app/immutable/chunks/B2EJUZxf.js         8,444.92 kB │ gzip: 1,069.45 kB

[plugin builtin:vite-reporter] 
(!) Some chunks are larger than 500 kB after minification. Consider:
- Using dynamic import() to code-split the application
- Use build.rolldownOptions.output.codeSplitting to improve chunking: https://rolldown.rs/reference/OutputOptions.codeSplitting
- Adjust chunk size limit for this warning via build.chunkSizeWarningLimit.
[33m[PLUGIN_TIMINGS] Warning:[0m Your build spent significant time in plugins. Here is a breakdown:
  - vite-plugin-sveltekit-guard (73%)
  - vite-plugin-sveltekit-virtual-modules (10%)
  - vite-plugin-svelte:compile (8%)
  - vite-plugin-svelte:load-custom (7%)
See https://rolldown.rs/options/checks#plugintimings for more details.

✓ built in 17.98s
computing gzip size...
.svelte-kit/output/server/.vite/manifest.json                                            16.02 kB │ gzip:  1.55 kB
.svelte-kit/output/server/_app/immutable/assets/_page.D6j2eVg9.css                        0.03 kB │ gzip:  0.05 kB
.svelte-kit/output/server/_app/immutable/assets/_page.1yPEXFx6.css                        0.23 kB │ gzip:  0.13 kB
.svelte-kit/output/server/_app/immutable/assets/_page.C0sN08Yp.css                        0.41 kB │ gzip:  0.18 kB
.svelte-kit/output/server/_app/immutable/assets/uPlot.BT_P-5Rq.css                        1.61 kB │ gzip:  0.68 kB
.svelte-kit/output/server/_app/immutable/assets/_page.DHXtvfaM.css                        3.60 kB │ gzip:  0.98 kB
.svelte-kit/output/server/_app/immutable/assets/_layout.C4HP4ynA.css                     48.94 kB │ gzip:  8.57 kB
.svelte-kit/output/server/chunks/navigation.js                                            0.03 kB │ gzip:  0.05 kB
.svelte-kit/output/server/chunks/index-server2.js                                         0.03 kB │ gzip:  0.05 kB
.svelte-kit/output/server/entries/pages/volumes/_page.server.ts.js                        0.20 kB │ gzip:  0.16 kB
.svelte-kit/output/server/entries/pages/networks/_page.server.ts.js                       0.20 kB │ gzip:  0.16 kB
.svelte-kit/output/server/entries/pages/compose/_page.server.ts.js                        0.21 kB │ gzip:  0.16 kB
.svelte-kit/output/server/entries/pages/terminal/_page.server.ts.js                       0.28 kB │ gzip:  0.22 kB
.svelte-kit/output/server/entries/pages/images/_page.server.ts.js                         0.31 kB │ gzip:  0.24 kB
.svelte-kit/output/server/entries/pages/networks/_id_/_page.server.ts.js                  0.35 kB │ gzip:  0.25 kB
.svelte-kit/output/server/entries/pages/volumes/_name_/_page.server.ts.js                 0.35 kB │ gzip:  0.25 kB
.svelte-kit/output/server/entries/endpoints/api/networks/_id_/_server.ts.js               0.36 kB │ gzip:  0.26 kB
.svelte-kit/output/server/entries/pages/images/_id_/_page.server.ts.js                    0.36 kB │ gzip:  0.26 kB
.svelte-kit/output/server/entries/endpoints/api/compose/save/_server.ts.js                0.36 kB │ gzip:  0.26 kB
.svelte-kit/output/server/entries/endpoints/api/volumes/_name_/_server.ts.js              0.36 kB │ gzip:  0.26 kB
.svelte-kit/output/server/entries/pages/containers/_page.server.ts.js                     0.38 kB │ gzip:  0.26 kB
.svelte-kit/output/server/entries/endpoints/api/compose/run/_server.ts.js                 0.39 kB │ gzip:  0.26 kB
.svelte-kit/output/server/entries/endpoints/api/compose/content/_server.ts.js             0.39 kB │ gzip:  0.28 kB
.svelte-kit/output/server/entries/fallbacks/error.svelte.js                               0.42 kB │ gzip:  0.27 kB
.svelte-kit/output/server/internal.js                                                     0.45 kB │ gzip:  0.21 kB
.svelte-kit/output/server/entries/endpoints/api/containers/_id_/rename/_server.ts.js      0.49 kB │ gzip:  0.31 kB
.svelte-kit/output/server/entries/endpoints/api/images/_id_/_server.ts.js                 0.52 kB │ gzip:  0.29 kB
.svelte-kit/output/server/entries/endpoints/api/compose/fix/_server.ts.js                 0.54 kB │ gzip:  0.34 kB
.svelte-kit/output/server/entries/pages/containers/_id_/_page.server.ts.js                0.60 kB │ gzip:  0.37 kB
.svelte-kit/output/server/entries/endpoints/api/images/_id_/tag/_server.ts.js             0.63 kB │ gzip:  0.39 kB
.svelte-kit/output/server/entries/pages/_page.server.ts.js                                0.64 kB │ gzip:  0.34 kB
.svelte-kit/output/server/chunks/shared-server.js                                         0.69 kB │ gzip:  0.30 kB
.svelte-kit/output/server/chunks/docker.js                                                0.72 kB │ gzip:  0.34 kB
.svelte-kit/output/server/chunks/toast.js                                                 0.73 kB │ gzip:  0.40 kB
.svelte-kit/output/server/chunks/environment.js                                           0.84 kB │ gzip:  0.40 kB
.svelte-kit/output/server/entries/endpoints/api/containers/_id_/_action_/_server.ts.js    0.93 kB │ gzip:  0.42 kB
.svelte-kit/output/server/entries/endpoints/api/compose/handler/_server.ts.js             0.94 kB │ gzip:  0.46 kB
.svelte-kit/output/server/entries/endpoints/api/containers/_id_/logs/_server.ts.js        0.95 kB │ gzip:  0.52 kB
.svelte-kit/output/server/entries/endpoints/api/images/pull/_server.ts.js                 1.15 kB │ gzip:  0.52 kB
.svelte-kit/output/server/entries/endpoints/api/compose/stream/_server.ts.js              1.30 kB │ gzip:  0.53 kB
.svelte-kit/output/server/entries/endpoints/api/containers/_id_/stats/_server.ts.js       1.37 kB │ gzip:  0.66 kB
.svelte-kit/output/server/entries/pages/networks/_page.svelte.js                          1.60 kB │ gzip:  0.74 kB
.svelte-kit/output/server/chunks/compose.js                                               1.61 kB │ gzip:  0.69 kB
.svelte-kit/output/server/entries/pages/volumes/_page.svelte.js                           1.62 kB │ gzip:  0.75 kB
.svelte-kit/output/server/chunks/ContextMenuItem.js                                       1.78 kB │ gzip:  0.77 kB
.svelte-kit/output/server/entries/pages/analytics/_page.server.ts.js                      1.86 kB │ gzip:  0.85 kB
.svelte-kit/output/server/chunks/state.js                                                 3.12 kB │ gzip:  1.19 kB
.svelte-kit/output/server/entries/pages/terminal/_page.svelte.js                          3.38 kB │ gzip:  1.25 kB
.svelte-kit/output/server/entries/pages/_page.svelte.js                                   4.11 kB │ gzip:  1.14 kB
.svelte-kit/output/server/entries/pages/volumes/_name_/_page.svelte.js                    4.53 kB │ gzip:  1.45 kB
.svelte-kit/output/server/entries/pages/analytics/_page.svelte.js                         5.06 kB │ gzip:  1.51 kB
.svelte-kit/output/server/entries/pages/images/_id_/_page.svelte.js                       5.33 kB │ gzip:  1.52 kB
.svelte-kit/output/server/entries/pages/networks/_id_/_page.svelte.js                     6.12 kB │ gzip:  1.57 kB
.svelte-kit/output/server/entries/pages/_layout.svelte.js                                 6.62 kB │ gzip:  1.85 kB
.svelte-kit/output/server/entries/pages/containers/_id_/_page.svelte.js                   7.30 kB │ gzip:  1.89 kB
.svelte-kit/output/server/entries/pages/images/_page.svelte.js                            9.62 kB │ gzip:  3.06 kB
.svelte-kit/output/server/entries/pages/compose/_page.svelte.js                          10.19 kB │ gzip:  3.04 kB
.svelte-kit/output/server/chunks/shared.js                                               10.30 kB │ gzip:  3.34 kB
.svelte-kit/output/server/entries/pages/containers/_page.svelte.js                       10.83 kB │ gzip:  3.15 kB
.svelte-kit/output/server/chunks/exports.js                                              11.22 kB │ gzip:  3.50 kB
.svelte-kit/output/server/chunks/internal.js                                             20.89 kB │ gzip:  6.52 kB
.svelte-kit/output/server/chunks/utils.js                                                29.56 kB │ gzip:  8.56 kB
.svelte-kit/output/server/chunks/client.js                                               45.74 kB │ gzip: 13.37 kB
.svelte-kit/output/server/remote-entry.js                                                46.01 kB │ gzip:  9.45 kB
.svelte-kit/output/server/index.js                                                      123.01 kB │ gzip: 31.15 kB
.svelte-kit/output/server/chunks/index-server.js                                        127.91 kB │ gzip: 33.19 kB
.svelte-kit/output/server/chunks/lib.js                                                 159.59 kB │ gzip: 23.30 kB

[33m[PLUGIN_TIMINGS] Warning:[0m Your build spent significant time in plugins. Here is a breakdown:
  - vite-plugin-sveltekit-guard (64%)
  - vite-plugin-sveltekit-virtual-modules (14%)
  - vite-plugin-svelte:compile (11%)
  - vite-plugin-svelte:load-custom (9%)
See https://rolldown.rs/options/checks#plugintimings for more details.

✓ built in 35.73s

Run npm run preview to preview your production build locally.

> Using @sveltejs/adapter-node
  ✔ done
